2016-08-25 02:07:03 Error: Fatal Error (4): syntax error, unexpected '?>' in [/Applications/MAMP/htdocs/biobots/src/Template/Pages/home_new.ctp, line 31]
Request URL: /
Trace:
Cake\Error\BaseErrorHandler::handleFatalError() - CORE/src/Error/BaseErrorHandler.php, line 216
Cake\Error\BaseErrorHandler::Cake\Error\{closure}() - CORE/src/Error/BaseErrorHandler.php, line 98
[main] - [internal], line ??



2016-08-25 02:07:03 Error: [Cake\Error\FatalErrorException] syntax error, unexpected '?>'
Request URL: /
Stack Trace:
#0 /Applications/MAMP/htdocs/biobots/vendor/cakephp/cakephp/src/Error/BaseErrorHandler.php(98): Cake\Error\BaseErrorHandler->handleFatalError(4, 'syntax error, u...', '/Applications/M...', 31)
#1 [internal function]: Cake\Error\BaseErrorHandler->Cake\Error\{closure}()
#2 {main}


2016-08-25 03:13:40 Error: [Cake\Core\Exception\MissingPluginException] Plugin DebugKit could not be found.
Exception Attributes: array (
  'plugin' => 'DebugKit',
)
Stack Trace:
#0 /Applications/MAMP/htdocs/biobots/config/bootstrap.php(210): Cake\Core\Plugin::load('DebugKit', Array)
#1 /Applications/MAMP/htdocs/biobots/vendor/cakephp/cakephp/src/Http/BaseApplication.php(61): require_once('/Applications/M...')
#2 /Applications/MAMP/htdocs/biobots/vendor/cakephp/cakephp/src/Http/Server.php(72): Cake\Http\BaseApplication->bootstrap()
#3 /Applications/MAMP/htdocs/biobots/webroot/index.php(37): Cake\Http\Server->run()
#4 {main}


2016-08-26 02:39:41 Error: Fatal Error (4): syntax error, unexpected ';' in [/Applications/MAMP/htdocs/biobots/src/Controller/DataController.php, line 23]
Request URL: /data/getBioPrintData
Trace:
Cake\Error\BaseErrorHandler::handleFatalError() - CORE/src/Error/BaseErrorHandler.php, line 216
Cake\Error\BaseErrorHandler::Cake\Error\{closure}() - CORE/src/Error/BaseErrorHandler.php, line 98
[main] - [internal], line ??



2016-08-26 02:39:41 Warning: Headers already sent in /Applications/MAMP/htdocs/biobots/src/Controller/DataController.php:23
2016-08-26 02:39:41 Error: [Cake\Error\FatalErrorException] syntax error, unexpected ';'
Request URL: /data/getBioPrintData
Stack Trace:
#0 /Applications/MAMP/htdocs/biobots/vendor/cakephp/cakephp/src/Error/BaseErrorHandler.php(98): Cake\Error\BaseErrorHandler->handleFatalError(4, 'syntax error, u...', '/Applications/M...', 23)
#1 [internal function]: Cake\Error\BaseErrorHandler->Cake\Error\{closure}()
#2 {main}


2016-08-26 02:42:05 Warning: Headers already sent in /Applications/MAMP/htdocs/biobots/src/Controller/DataController.php:25
2016-08-26 02:42:05 Error: [RuntimeException] Unable to emit response; headers already sent
Request URL: /data/getBioPrintData
Stack Trace:
#0 /Applications/MAMP/htdocs/biobots/vendor/cakephp/cakephp/src/Http/Server.php(107): Zend\Diactoros\Response\SapiStreamEmitter->emit(Object(Zend\Diactoros\Response))
#1 /Applications/MAMP/htdocs/biobots/webroot/index.php(37): Cake\Http\Server->emit(Object(Zend\Diactoros\Response))
#2 {main}


2016-08-26 02:43:45 Warning: Headers already sent in /Applications/MAMP/htdocs/biobots/src/Controller/DataController.php:27
2016-08-26 02:43:45 Error: [RuntimeException] Unable to emit response; headers already sent
Request URL: /data/getBioPrintData
Stack Trace:
#0 /Applications/MAMP/htdocs/biobots/vendor/cakephp/cakephp/src/Http/Server.php(107): Zend\Diactoros\Response\SapiStreamEmitter->emit(Object(Zend\Diactoros\Response))
#1 /Applications/MAMP/htdocs/biobots/webroot/index.php(37): Cake\Http\Server->emit(Object(Zend\Diactoros\Response))
#2 {main}


2016-08-26 02:44:01 Warning: Warning (4096): Object of class App\Controller\DataController could not be converted to string in [/Applications/MAMP/htdocs/biobots/src/Controller/DataController.php, line 26]
Request URL: /data/getBioPrintData
Trace:
Cake\Error\BaseErrorHandler::handleError() - CORE/src/Error/BaseErrorHandler.php, line 146
App\Controller\DataController::getBioPrintData() - APP/Controller/DataController.php, line 26
Cake\Controller\Controller::invokeAction() - CORE/src/Controller/Controller.php, line 435
Cake\Http\ActionDispatcher::_invoke() - CORE/src/Http/ActionDispatcher.php, line 124
Cake\Http\ActionDispatcher::dispatch() - CORE/src/Http/ActionDispatcher.php, line 98
Cake\Http\BaseApplication::__invoke() - CORE/src/Http/BaseApplication.php, line 83
Cake\Http\Runner::__invoke() - CORE/src/Http/Runner.php, line 65
Cake\Routing\Middleware\RoutingMiddleware::__invoke() - CORE/src/Routing/Middleware/RoutingMiddleware.php, line 52
Cake\Http\Runner::__invoke() - CORE/src/Http/Runner.php, line 65
Cake\Routing\Middleware\AssetMiddleware::__invoke() - CORE/src/Routing/Middleware/AssetMiddleware.php, line 88
Cake\Http\Runner::__invoke() - CORE/src/Http/Runner.php, line 65
Cake\Error\Middleware\ErrorHandlerMiddleware::__invoke() - CORE/src/Error/Middleware/ErrorHandlerMiddleware.php, line 51
Cake\Http\Runner::__invoke() - CORE/src/Http/Runner.php, line 65
Cake\Http\Runner::run() - CORE/src/Http/Runner.php, line 51
Cake\Http\Server::run() - CORE/src/Http/Server.php, line 82
[main] - ROOT/webroot/index.php, line 37



2016-08-26 02:44:01 Warning: Headers already sent in /Applications/MAMP/htdocs/biobots/vendor/cakephp/cakephp/src/Error/Debugger.php:753
2016-08-26 02:44:01 Error: [RuntimeException] Unable to emit response; headers already sent
Request URL: /data/getBioPrintData
Stack Trace:
#0 /Applications/MAMP/htdocs/biobots/vendor/cakephp/cakephp/src/Http/Server.php(107): Zend\Diactoros\Response\SapiStreamEmitter->emit(Object(Zend\Diactoros\Response))
#1 /Applications/MAMP/htdocs/biobots/webroot/index.php(37): Cake\Http\Server->emit(Object(Zend\Diactoros\Response))
#2 {main}


2016-08-26 02:49:45 Warning: Headers already sent in /Applications/MAMP/htdocs/biobots/src/Controller/DataController.php:28
2016-08-26 02:49:45 Error: [RuntimeException] Unable to emit response; headers already sent
Request URL: /data/getBioPrintData
Stack Trace:
#0 /Applications/MAMP/htdocs/biobots/vendor/cakephp/cakephp/src/Http/Server.php(107): Zend\Diactoros\Response\SapiStreamEmitter->emit(Object(Zend\Diactoros\Response))
#1 /Applications/MAMP/htdocs/biobots/webroot/index.php(37): Cake\Http\Server->emit(Object(Zend\Diactoros\Response))
#2 {main}


2016-08-26 03:00:20 Error: Fatal Error (1): Class 'App\Controller\App' not found in [/Applications/MAMP/htdocs/biobots/src/Controller/DataController.php, line 6]
Request URL: /data/get_bio_print_data
Trace:
Cake\Error\BaseErrorHandler::handleFatalError() - CORE/src/Error/BaseErrorHandler.php, line 216
Cake\Error\BaseErrorHandler::Cake\Error\{closure}() - CORE/src/Error/BaseErrorHandler.php, line 98
[main] - [internal], line ??



2016-08-26 03:00:20 Warning: Headers already sent in /Applications/MAMP/htdocs/biobots/src/Controller/DataController.php:6
2016-08-26 03:00:20 Error: [Cake\Error\FatalErrorException] Class 'App\Controller\App' not found
Request URL: /data/get_bio_print_data
Stack Trace:
#0 /Applications/MAMP/htdocs/biobots/vendor/cakephp/cakephp/src/Error/BaseErrorHandler.php(98): Cake\Error\BaseErrorHandler->handleFatalError(1, 'Class 'App\\Cont...', '/Applications/M...', 6)
#1 [internal function]: Cake\Error\BaseErrorHandler->Cake\Error\{closure}()
#2 {main}


2016-08-26 03:00:32 Error: Fatal Error (4): syntax error, unexpected 'App' (T_STRING), expecting function (T_FUNCTION) in [/Applications/MAMP/htdocs/biobots/src/Controller/DataController.php, line 11]
Request URL: /data/get_bio_print_data
Trace:
Cake\Error\BaseErrorHandler::handleFatalError() - CORE/src/Error/BaseErrorHandler.php, line 216
Cake\Error\BaseErrorHandler::Cake\Error\{closure}() - CORE/src/Error/BaseErrorHandler.php, line 98
[main] - [internal], line ??



2016-08-26 03:00:32 Warning: Headers already sent in /Applications/MAMP/htdocs/biobots/src/Controller/DataController.php:11
2016-08-26 03:00:32 Error: [Cake\Error\FatalErrorException] syntax error, unexpected 'App' (T_STRING), expecting function (T_FUNCTION)
Request URL: /data/get_bio_print_data
Stack Trace:
#0 /Applications/MAMP/htdocs/biobots/vendor/cakephp/cakephp/src/Error/BaseErrorHandler.php(98): Cake\Error\BaseErrorHandler->handleFatalError(4, 'syntax error, u...', '/Applications/M...', 11)
#1 [internal function]: Cake\Error\BaseErrorHandler->Cake\Error\{closure}()
#2 {main}


2016-08-26 03:01:57 Error: Fatal Error (1): Class 'App\Controller\App' not found in [/Applications/MAMP/htdocs/biobots/src/Controller/DataController.php, line 19]
Request URL: /data/get_bio_print_data
Trace:
Cake\Error\BaseErrorHandler::handleFatalError() - CORE/src/Error/BaseErrorHandler.php, line 216
Cake\Error\BaseErrorHandler::Cake\Error\{closure}() - CORE/src/Error/BaseErrorHandler.php, line 98
[main] - [internal], line ??



2016-08-26 03:01:57 Warning: Headers already sent in /Applications/MAMP/htdocs/biobots/src/Controller/DataController.php:19
2016-08-26 03:01:57 Error: [Cake\Error\FatalErrorException] Class 'App\Controller\App' not found
Request URL: /data/get_bio_print_data
Stack Trace:
#0 /Applications/MAMP/htdocs/biobots/vendor/cakephp/cakephp/src/Error/BaseErrorHandler.php(98): Cake\Error\BaseErrorHandler->handleFatalError(1, 'Class 'App\\Cont...', '/Applications/M...', 19)
#1 [internal function]: Cake\Error\BaseErrorHandler->Cake\Error\{closure}()
#2 {main}


2016-08-26 03:03:25 Error: Fatal Error (1): Class 'App\Controller\App' not found in [/Applications/MAMP/htdocs/biobots/src/Controller/DataController.php, line 3]
Request URL: /data/get_bio_print_data
Trace:
Cake\Error\BaseErrorHandler::handleFatalError() - CORE/src/Error/BaseErrorHandler.php, line 216
Cake\Error\BaseErrorHandler::Cake\Error\{closure}() - CORE/src/Error/BaseErrorHandler.php, line 98
[main] - [internal], line ??



2016-08-26 03:03:25 Warning: Headers already sent in /Applications/MAMP/htdocs/biobots/src/Controller/DataController.php:3
2016-08-26 03:03:25 Error: [Cake\Error\FatalErrorException] Class 'App\Controller\App' not found
Request URL: /data/get_bio_print_data
Stack Trace:
#0 /Applications/MAMP/htdocs/biobots/vendor/cakephp/cakephp/src/Error/BaseErrorHandler.php(98): Cake\Error\BaseErrorHandler->handleFatalError(1, 'Class 'App\\Cont...', '/Applications/M...', 3)
#1 [internal function]: Cake\Error\BaseErrorHandler->Cake\Error\{closure}()
#2 {main}


2016-08-26 04:27:30 Warning: Warning (2): Missing argument 1 for App\Controller\AssetsController::getExternalAsset() in [/Applications/MAMP/htdocs/biobots/src/Controller/AssetsController.php, line 17]
Request URL: /assets/get_external_asset
Trace:
Cake\Error\BaseErrorHandler::handleError() - CORE/src/Error/BaseErrorHandler.php, line 146
App\Controller\AssetsController::getExternalAsset() - APP/Controller/AssetsController.php, line 17
Cake\Controller\Controller::invokeAction() - CORE/src/Controller/Controller.php, line 435
Cake\Http\ActionDispatcher::_invoke() - CORE/src/Http/ActionDispatcher.php, line 124
Cake\Http\ActionDispatcher::dispatch() - CORE/src/Http/ActionDispatcher.php, line 98
Cake\Http\BaseApplication::__invoke() - CORE/src/Http/BaseApplication.php, line 83
Cake\Http\Runner::__invoke() - CORE/src/Http/Runner.php, line 65
Cake\Routing\Middleware\RoutingMiddleware::__invoke() - CORE/src/Routing/Middleware/RoutingMiddleware.php, line 52
Cake\Http\Runner::__invoke() - CORE/src/Http/Runner.php, line 65
Cake\Routing\Middleware\AssetMiddleware::__invoke() - CORE/src/Routing/Middleware/AssetMiddleware.php, line 88
Cake\Http\Runner::__invoke() - CORE/src/Http/Runner.php, line 65
Cake\Error\Middleware\ErrorHandlerMiddleware::__invoke() - CORE/src/Error/Middleware/ErrorHandlerMiddleware.php, line 51
Cake\Http\Runner::__invoke() - CORE/src/Http/Runner.php, line 65
Cake\Http\Runner::run() - CORE/src/Http/Runner.php, line 51
Cake\Http\Server::run() - CORE/src/Http/Server.php, line 82
[main] - ROOT/webroot/index.php, line 37



2016-08-26 04:27:30 Warning: Headers already sent in /Applications/MAMP/htdocs/biobots/vendor/cakephp/cakephp/src/Error/Debugger.php:753
2016-08-26 04:27:30 Error: [RuntimeException] Unable to emit response; headers already sent
Request URL: /assets/get_external_asset
Stack Trace:
#0 /Applications/MAMP/htdocs/biobots/vendor/cakephp/cakephp/src/Http/Server.php(107): Zend\Diactoros\Response\SapiStreamEmitter->emit(Object(Zend\Diactoros\Response))
#1 /Applications/MAMP/htdocs/biobots/webroot/index.php(37): Cake\Http\Server->emit(Object(Zend\Diactoros\Response))
#2 {main}


2016-08-26 04:34:44 Warning: Warning (2): Missing argument 1 for App\Controller\AssetsController::getExternalAsset() in [/Applications/MAMP/htdocs/biobots/src/Controller/AssetsController.php, line 17]
Request URL: /assets/get_external_asset/
Trace:
Cake\Error\BaseErrorHandler::handleError() - CORE/src/Error/BaseErrorHandler.php, line 146
App\Controller\AssetsController::getExternalAsset() - APP/Controller/AssetsController.php, line 17
Cake\Controller\Controller::invokeAction() - CORE/src/Controller/Controller.php, line 435
Cake\Http\ActionDispatcher::_invoke() - CORE/src/Http/ActionDispatcher.php, line 124
Cake\Http\ActionDispatcher::dispatch() - CORE/src/Http/ActionDispatcher.php, line 98
Cake\Http\BaseApplication::__invoke() - CORE/src/Http/BaseApplication.php, line 83
Cake\Http\Runner::__invoke() - CORE/src/Http/Runner.php, line 65
Cake\Routing\Middleware\RoutingMiddleware::__invoke() - CORE/src/Routing/Middleware/RoutingMiddleware.php, line 52
Cake\Http\Runner::__invoke() - CORE/src/Http/Runner.php, line 65
Cake\Routing\Middleware\AssetMiddleware::__invoke() - CORE/src/Routing/Middleware/AssetMiddleware.php, line 88
Cake\Http\Runner::__invoke() - CORE/src/Http/Runner.php, line 65
Cake\Error\Middleware\ErrorHandlerMiddleware::__invoke() - CORE/src/Error/Middleware/ErrorHandlerMiddleware.php, line 51
Cake\Http\Runner::__invoke() - CORE/src/Http/Runner.php, line 65
Cake\Http\Runner::run() - CORE/src/Http/Runner.php, line 51
Cake\Http\Server::run() - CORE/src/Http/Server.php, line 82
[main] - ROOT/webroot/index.php, line 37



2016-08-26 04:34:44 Warning: Headers already sent in /Applications/MAMP/htdocs/biobots/vendor/cakephp/cakephp/src/Error/Debugger.php:753
2016-08-26 04:34:44 Error: [RuntimeException] Unable to emit response; headers already sent
Request URL: /assets/get_external_asset/
Stack Trace:
#0 /Applications/MAMP/htdocs/biobots/vendor/cakephp/cakephp/src/Http/Server.php(107): Zend\Diactoros\Response\SapiStreamEmitter->emit(Object(Zend\Diactoros\Response))
#1 /Applications/MAMP/htdocs/biobots/webroot/index.php(37): Cake\Http\Server->emit(Object(Zend\Diactoros\Response))
#2 {main}


